#
# There is insufficient memory for the Java Runtime Environment to continue.
# Native memory allocation (malloc) failed to allocate 1279696 bytes for Chunk::new
# Possible reasons:
#   The system is out of physical RAM or swap space
#   The process is running with CompressedOops enabled, and the Java Heap may be blocking the growth of the native heap
# Possible solutions:
#   Reduce memory load on the system
#   Increase physical memory or swap space
#   Check if swap backing store is full
#   Decrease Java heap size (-Xmx/-Xms)
#   Decrease number of Java threads
#   Decrease Java thread stack sizes (-Xss)
#   Set larger code cache with -XX:ReservedCodeCacheSize=
#   JVM is running with Unscaled Compressed Oops mode in which the Java heap is
#     placed in the first 4GB address space. The Java Heap base address is the
#     maximum limit for the native heap growth. Please use -XX:HeapBaseMinAddress
#     to set the Java Heap base and to place the Java Heap above 4GB virtual address.
# This output file may be truncated or incomplete.
#
#  Out of Memory Error (./src/hotspot/share/memory/arena.cpp:197), pid=6152, tid=15968
#
# JRE version: OpenJDK Runtime Environment (11.0.13) (build 11.0.13+0-b1751.21-8125866)
# Java VM: OpenJDK 64-Bit Server VM (11.0.13+0-b1751.21-8125866, mixed mode, tiered, compressed oops, g1 gc, windows-amd64)
# No core dump will be written. Minidumps are not enabled by default on client versions of Windows
#

---------------  S U M M A R Y ------------

Command Line: --add-opens=java.base/java.util=ALL-UNNAMED --add-opens=java.base/java.lang=ALL-UNNAMED --add-opens=java.base/java.lang.invoke=ALL-UNNAMED --add-opens=java.base/java.util=ALL-UNNAMED --add-opens=java.prefs/java.util.prefs=ALL-UNNAMED --add-opens=java.prefs/java.util.prefs=ALL-UNNAMED --add-opens=java.base/java.nio.charset=ALL-UNNAMED --add-opens=java.base/java.net=ALL-UNNAMED --add-opens=java.base/java.util.concurrent.atomic=ALL-UNNAMED -Xmx2048m -Dfile.encoding=UTF-8 -Duser.country=US -Duser.language=en -Duser.variant org.gradle.launcher.daemon.bootstrap.GradleDaemon 7.4

Host: Intel(R) Core(TM) i5-10210U CPU @ 1.60GHz, 8 cores, 11G,  Windows 11 , 64 bit Build 22621 (10.0.22621.1485)
Time: Fri Apr 14 18:14:12 2023 West Asia Standard Time elapsed time: 1028.528357 seconds (0d 0h 17m 8s)

---------------  T H R E A D  ---------------

Current thread (0x0000025e1b984800):  JavaThread "C2 CompilerThread1" daemon [_thread_in_native, id=15968, stack(0x000000ba17500000,0x000000ba17600000)]


Current CompileTask:
C2:1028528 23077       4       org.gradle.api.internal.provider.DefaultValueSourceProviderFactory$ValueSourceProvider::calculateOwnValue (14 bytes)

Stack: [0x000000ba17500000,0x000000ba17600000]
Native frames: (J=compiled Java code, j=interpreted, Vv=VM code, C=native code)
V  [jvm.dll+0x6100fa]
V  [jvm.dll+0x747090]
V  [jvm.dll+0x7486ad]
V  [jvm.dll+0x748d83]
V  [jvm.dll+0x24ab48]
V  [jvm.dll+0xc04dc]
V  [jvm.dll+0xc0a0c]
V  [jvm.dll+0x35eb9d]
V  [jvm.dll+0x32b833]
V  [jvm.dll+0x32ad2a]
V  [jvm.dll+0x2032b2]
V  [jvm.dll+0x202437]
V  [jvm.dll+0x188e01]
V  [jvm.dll+0x21106b]
V  [jvm.dll+0x20f8c1]
V  [jvm.dll+0x70de0f]
V  [jvm.dll+0x706a75]
V  [jvm.dll+0x60ed66]
C  [ucrtbase.dll+0x29363]
C  [KERNEL32.DLL+0x1269d]
C  [ntdll.dll+0x5a9f8]


---------------  P R O C E S S  ---------------

Threads class SMR info:
_java_thread_list=0x0000025e1b4324f0, length=137, elements={
0x0000025e778aa800, 0xffffffffffffffff, }

Java Threads: ( => current thread )
  0x0000025e778aa800 JavaThread "main" [_thread_blocked, id=13488, stack(0x000000ba0f200000,0x000000ba0f300000)]
  0x0000025e7ed66000 JavaThread "Reference Handler" daemon [_thread_blocked, id=22404, stack(0x000000ba0f900000,0x000000ba0fa00000)]
  0x0000025e7ed67800 JavaThread "Finalizer" daemon [_thread_blocked, id=22468, stack(0x000000ba0fa00000,0x000000ba0fb00000)]
  0x0000025e7f5d9000 JavaThread "Signal Dispatcher" daemon [_thread_blocked, id=22476, stack(0x000000ba0fb00000,0x000000ba0fc00000)]
  0x0000025e7f5da000 JavaThread "Attach Listener" daemon [_thread_blocked, id=9584, stack(0x000000ba0fc00000,0x000000ba0fd00000)]
  0x0000025e7f5de000 JavaThread "Service Thread" daemon [_thread_blocked, id=18400, stack(0x000000ba0fd00000,0x000000ba0fe00000)]
  0x0000025e7f5e8800 JavaThread "C2 CompilerThread0" daemon [_thread_in_native, id=9504, stack(0x000000ba0fe00000,0x000000ba0ff00000)]
  0x0000025e7f5ed000 JavaThread "C1 CompilerThread0" daemon [_thread_in_native, id=22060, stack(0x000000ba0ff00000,0x000000ba10000000)]
  0x0000025e7f5f1000 JavaThread "Sweeper thread" daemon [_thread_blocked, id=13436, stack(0x000000ba10000000,0x000000ba10100000)]
  0x0000025e7f761000 JavaThread "Common-Cleaner" daemon [_thread_blocked, id=8596, stack(0x000000ba10100000,0x000000ba10200000)]
  0x0000025e7f75f000 JavaThread "Daemon health stats" [_thread_blocked, id=10544, stack(0x000000ba10800000,0x000000ba10900000)]
  0x0000025e7f761800 JavaThread "Incoming local TCP Connector on port 63787" [_thread_in_native, id=22504, stack(0x000000ba10300000,0x000000ba10400000)]
  0x00007fffad9a17a0 
[error occurred during error reporting (printing all threads), id 0xc0000005, EXCEPTION_ACCESS_VIOLATION (0xc0000005) at pc=0x00007fff5972c758]

VM state:not at safepoint (normal execution)

VM Mutex/Monitor currently owned by a thread: None

Heap address: 0x0000000080000000, size: 2048 MB, Compressed Oops mode: 32-bit
Narrow klass base: 0x0000000000000000, Narrow klass shift: 3
Compressed class space size: 1073741824 Address: 0x0000000100000000

Heap:
 garbage-first heap   total 198656K, used 154744K [0x0000000080000000, 0x0000000100000000)
  region size 1024K, 44 young (45056K), 6 survivors (6144K)
 Metaspace       used 130935K, capacity 135563K, committed 135888K, reserved 1167360K
  class space    used 16600K, capacity 18345K, committed 18464K, reserved 1048576K
Heap Regions: E=young(eden), S=young(survivor), O=old, HS=humongous(starts), HC=humongous(continues), CS=collection set, F=free, A=archive, TAMS=top-at-mark-start (previous, next)
|   0|0x0000000080000000, 0x0000000080100000, 0x0000000080100000|100%| O|  |TAMS 0x0000000080100000, 0x0000000080000000| Untracked 
|   1|0x0000000080100000, 0x0000000080200000, 0x0000000080200000|100%| O|  |TAMS 0x0000000080200000, 0x0000000080100000| Untracked 
|   2|0x0000000080200000, 0x0000000080300000, 0x0000000080300000|100%| O|  |TAMS 0x0000000080300000, 0x0000000080200000| Untracked 
|   3|0x0000000080300000, 0x0000000080400000, 0x0000000080400000|100%|HS|  |TAMS 0x0000000080400000, 0x0000000080300000| Complete 
|   4|0x0000000080400000, 0x0000000080500000, 0x0000000080500000|100%|HC|  |TAMS 0x0000000080500000, 0x0000000080400000| Complete 
|   5|0x0000000080500000, 0x0000000080600000, 0x0000000080600000|100%|HC|  |TAMS 0x0000000080600000, 0x0000000080500000| Complete 
|   6|0x0000000080600000, 0x0000000080700000, 0x0000000080700000|100%| O|  |TAMS 0x0000000080700000, 0x0000000080600000| Untracked 
|   7|0x0000000080700000, 0x0000000080800000, 0x0000000080800000|100%| O|  |TAMS 0x0000000080800000, 0x0000000080700000| Untracked 
|   8|0x0000000080800000, 0x0000000080900000, 0x0000000080900000|100%| O|  |TAMS 0x0000000080900000, 0x0000000080800000| Untracked 
|   9|0x0000000080900000, 0x0000000080a00000, 0x0000000080a00000|100%| O|  |TAMS 0x0000000080a00000, 0x0000000080900000| Untracked 
|  10|0x0000000080a00000, 0x0000000080b00000, 0x0000000080b00000|100%| O|  |TAMS 0x0000000080b00000, 0x0000000080a00000| Untracked 
|  11|0x0000000080b00000, 0x0000000080c00000, 0x0000000080c00000|100%| O|  |TAMS 0x0000000080c00000, 0x0000000080b00000| Untracked 
|  12|0x0000000080c00000, 0x0000000080d00000, 0x0000000080d00000|100%| O|  |TAMS 0x0000000080d00000, 0x0000000080c00000| Untracked 
|  13|0x0000000080d00000, 0x0000000080e00000, 0x0000000080e00000|100%| O|  |TAMS 0x0000000080e00000, 0x0000000080d00000| Untracked 
|  14|0x0000000080e00000, 0x0000000080f00000, 0x0000000080f00000|100%| O|  |TAMS 0x0000000080f00000, 0x0000000080e00000| Untracked 
|  15|0x0000000080f00000, 0x0000000081000000, 0x0000000081000000|100%| O|  |TAMS 0x0000000081000000, 0x0000000080f00000| Untracked 
|  16|0x0000000081000000, 0x0000000081100000, 0x0000000081100000|100%| O|  |TAMS 0x0000000081100000, 0x0000000081000000| Untracked 
|  17|0x0000000081100000, 0x0000000081200000, 0x0000000081200000|100%|HS|  |TAMS 0x0000000081200000, 0x0000000081100000| Complete 
|  18|0x0000000081200000, 0x0000000081300000, 0x0000000081300000|100%|HS|  |TAMS 0x0000000081300000, 0x0000000081200000| Complete 
|  19|0x0000000081300000, 0x0000000081400000, 0x0000000081400000|100%|HS|  |TAMS 0x0000000081400000, 0x0000000081300000| Complete 
|  20|0x0000000081400000, 0x0000000081500000, 0x0000000081500000|100%|HS|  |TAMS 0x0000000081500000, 0x0000000081400000| Complete 
|  21|0x0000000081500000, 0x0000000081600000, 0x0000000081600000|100%|HC|  |TAMS 0x0000000081600000, 0x0000000081500000| Complete 
|  22|0x0000000081600000, 0x0000000081700000, 0x0000000081700000|100%|HC|  |TAMS 0x0000000081700000, 0x0000000081600000| Complete 
|  23|0x0000000081700000, 0x0000000081800000, 0x0000000081800000|100%|HC|  |TAMS 0x0000000081800000, 0x0000000081700000| Complete 
|  24|0x0000000081800000, 0x0000000081900000, 0x0000000081900000|100%| O|  |TAMS 0x0000000081900000, 0x0000000081800000| Untracked 
|  25|0x0000000081900000, 0x0000000081a00000, 0x0000000081a00000|100%|HS|  |TAMS 0x0000000081a00000, 0x0000000081900000| Complete 
|  26|0x0000000081a00000, 0x0000000081b00000, 0x0000000081b00000|100%|HC|  |TAMS 0x0000000081b00000, 0x0000000081a00000| Complete 
|  27|0x0000000081b00000, 0x0000000081c00000, 0x0000000081c00000|100%| O|  |TAMS 0x0000000081c00000, 0x0000000081b00000| Untracked 
|  28|0x0000000081c00000, 0x0000000081d00000, 0x0000000081d00000|100%| O|  |TAMS 0x0000000081d00000, 0x0000000081c00000| Untracked 
|  29|0x0000000081d00000, 0x0000000081e00000, 0x0000000081e00000|100%| O|  |TAMS 0x0000000081e00000, 0x0000000081d00000| Untracked 
|  30|0x0000000081e00000, 0x0000000081f00000, 0x0000000081f00000|100%| O|  |TAMS 0x0000000081f00000, 0x0000000081e00000| Untracked 
|  31|0x0000000081f00000, 0x0000000082000000, 0x0000000082000000|100%| O|  |TAMS 0x0000000082000000, 0x0000000081f00000| Complete 
|  32|0x0000000082000000, 0x0000000082100000, 0x0000000082100000|100%| O|  |TAMS 0x0000000082100000, 0x0000000082000000| Untracked 
|  33|0x0000000082100000, 0x0000000082200000, 0x0000000082200000|100%| O|  |TAMS 0x0000000082200000, 0x0000000082100000| Untracked 
|  34|0x0000000082200000, 0x0000000082300000, 0x0000000082300000|100%| O|  |TAMS 0x0000000082300000, 0x0000000082200000| Untracked 
|  35|0x0000000082300000, 0x0000000082400000, 0x0000000082400000|100%| O|  |TAMS 0x0000000082400000, 0x0000000082300000| Complete 
|  36|0x0000000082400000, 0x0000000082500000, 0x0000000082500000|100%| O|  |TAMS 0x0000000082500000, 0x0000000082400000| Untracked 
|  37|0x0000000082500000, 0x0000000082600000, 0x0000000082600000|100%| O|  |TAMS 0x0000000082600000, 0x0000000082500000| Untracked 
|  38|0x0000000082600000, 0x0000000082700000, 0x0000000082700000|100%| O|  |TAMS 0x0000000082700000, 0x0000000082600000| Untracked 
|  39|0x0000000082700000, 0x0000000082800000, 0x0000000082800000|100%| O|  |TAMS 0x0000000082800000, 0x0000000082700000| Untracked 
|  40|0x0000000082800000, 0x0000000082900000, 0x0000000082900000|100%| O|  |TAMS 0x0000000082900000, 0x0000000082800000| Complete 
|  41|0x0000000082900000, 0x0000000082a00000, 0x0000000082a00000|100%| O|  |TAMS 0x0000000082a00000, 0x0000000082900000| Untracked 
|  42|0x0000000082a00000, 0x0000000082b00000, 0x0000000082b00000|100%| O|  |TAMS 0x0000000082b00000, 0x0000000082a00000| Untracked 
|  43|0x0000000082b00000, 0x0000000082c00000, 0x0000000082c00000|100%| O|  |TAMS 0x0000000082c00000, 0x0000000082b00000| Untracked 
|  44|0x0000000082c00000, 0x0000000082d00000, 0x0000000082d00000|100%| O|  |TAMS 0x0000000082d00000, 0x0000000082c00000| Untracked 
|  45|0x0000000082d00000, 0x0000000082e00000, 0x0000000082e00000|100%| O|  |TAMS 0x0000000082e00000, 0x0000000082d00000| Complete 
|  46|0x0000000082e00000, 0x0000000082f00000, 0x0000000082f00000|100%| O|  |TAMS 0x0000000082f00000, 0x0000000082e00000| Complete 
|  47|0x0000000082f00000, 0x0000000083000000, 0x0000000083000000|100%| O|  |TAMS 0x0000000083000000, 0x0000000082f00000| Complete 
|  48|0x0000000083000000, 0x0000000083100000, 0x0000000083100000|100%| O|  |TAMS 0x0000000083100000, 0x0000000083000000| Untracked 
|  49|0x0000000083100000, 0x0000000083200000, 0x0000000083200000|100%| O|  |TAMS 0x0000000083200000, 0x0000000083100000| Untracked 
|  50|0x0000000083200000, 0x0000000083300000, 0x0000000083300000|100%| O|  |TAMS 0x0000000083300000, 0x0000000083200000| Complete 
|  51|0x0000000083300000, 0x0000000083400000, 0x0000000083400000|100%| O|  |TAMS 0x0000000083400000, 0x0000000083300000| Untracked 
|  52|0x0000000083400000, 0x0000000083500000, 0x0000000083500000|100%| O|  |TAMS 0x0000000083500000, 0x0000000083400000| Untracked 
|  53|0x0000000083500000, 0x0000000083600000, 0x0000000083600000|100%| O|  |TAMS 0x0000000083600000, 0x0000000083500000| Untracked 
|  54|0x0000000083600000, 0x0000000083700000, 0x0000000083700000|100%| O|  |TAMS 0x0000000083700000, 0x0000000083600000| Untracked 
|  55|0x0000000083700000, 0x0000000083800000, 0x0000000083800000|100%| O|  |TAMS 0x0000000083800000, 0x0000000083700000| Untracked 
|  56|0x0000000083800000, 0x0000000083900000, 0x0000000083900000|100%| O|  |TAMS 0x0000000083900000, 0x0000000083800000| Complete 
|  57|0x0000000083900000, 0x0000000083a00000, 0x0000000083a00000|100%| O|  |TAMS 0x0000000083a00000, 0x0000000083900000| Complete 
|  58|0x0000000083a00000, 0x0000000083b00000, 0x0000000083b00000|100%| O|  |TAMS 0x0000000083b00000, 0x0000000083a00000| Complete 
|  59|0x0000000083b00000, 0x0000000083c00000, 0x0000000083c00000|100%| O|  |TAMS 0x0000000083c00000, 0x0000000083b00000| Untracked 
|  60|0x0000000083c00000, 0x0000000083d00000, 0x0000000083d00000|100%| O|  |TAMS 0x0000000083d00000, 0x0000000083c00000| Untracked 
|  61|0x0000000083d00000, 0x0000000083e00000, 0x0000000083e00000|100%| O|  |TAMS 0x0000000083e00000, 0x0000000083d00000| Complete 
|  62|0x0000000083e00000, 0x0000000083f00000, 0x0000000083f00000|100%| O|  |TAMS 0x0000000083f00000, 0x0000000083e00000| Untracked 
|  63|0x0000000083f00000, 0x0000000084000000, 0x0000000084000000|100%| O|  |TAMS 0x0000000084000000, 0x0000000083f00000| Untracked 
|  64|0x0000000084000000, 0x0000000084100000, 0x0000000084100000|100%| O|  |TAMS 0x0000000084100000, 0x0000000084000000| Untracked 
|  65|0x0000000084100000, 0x0000000084200000, 0x0000000084200000|100%| O|  |TAMS 0x0000000084200000, 0x0000000084100000| Complete 
|  66|0x0000000084200000, 0x0000000084200000, 0x0000000084300000|  0%| F|  |TAMS 0x0000000084200000, 0x0000000084200000| Untracked 
|  67|0x0000000084300000, 0x0000000084300000, 0x0000000084400000|  0%| F|  |TAMS 0x0000000084300000, 0x0000000084300000| Untracked 
|  68|0x0000000084400000, 0x0000000084500000, 0x0000000084500000|100%| O|  |TAMS 0x0000000084500000, 0x0000000084400000| Complete 
|  69|0x0000000084500000, 0x0000000084600000, 0x0000000084600000|100%| O|  |TAMS 0x0000000084600000, 0x0000000084500000| Complete 
|  70|0x0000000084600000, 0x0000000084700000, 0x0000000084700000|100%| O|  |TAMS 0x0000000084700000, 0x0000000084600000| Complete 
|  71|0x0000000084700000, 0x0000000084800000, 0x0000000084800000|100%| O|  |TAMS 0x0000000084800000, 0x0000000084700000| Complete 
|  72|0x0000000084800000, 0x0000000084900000, 0x0000000084900000|100%| O|  |TAMS 0x0000000084900000, 0x0000000084800000| Complete 
|  73|0x0000000084900000, 0x0000000084a00000, 0x0000000084a00000|100%| O|  |TAMS 0x0000000084a00000, 0x0000000084900000| Complete 
|  74|0x0000000084a00000, 0x0000000084b00000, 0x0000000084b00000|100%| O|  |TAMS 0x0000000084b00000, 0x0000000084a00000| Complete 
|  75|0x0000000084b00000, 0x0000000084c00000, 0x0000000084c00000|100%| O|  |TAMS 0x0000000084c00000, 0x0000000084b00000| Untracked 
|  76|0x0000000084c00000, 0x0000000084d00000, 0x0000000084d00000|100%| O|  |TAMS 0x0000000084d00000, 0x0000000084c00000| Complete 
|  77|0x0000000084d00000, 0x0000000084d00000, 0x0000000084e00000|  0%| F|  |TAMS 0x0000000084d00000, 0x0000000084d00000| Untracked 
|  78|0x0000000084e00000, 0x0000000084f00000, 0x0000000084f00000|100%| O|  |TAMS 0x0000000084f00000, 0x0000000084e00000| Complete 
|  79|0x0000000084f00000, 0x0000000085000000, 0x0000000085000000|100%| O|  |TAMS 0x0000000085000000, 0x0000000084f00000| Complete 
|  80|0x0000000085000000, 0x0000000085100000, 0x0000000085100000|100%| O|  |TAMS 0x0000000085100000, 0x0000000085000000| Untracked 
|  81|0x0000000085100000, 0x0000000085200000, 0x0000000085200000|100%| O|  |TAMS 0x0000000085200000, 0x0000000085100000| Complete 
|  82|0x0000000085200000, 0x0000000085300000, 0x0000000085300000|100%| O|  |TAMS 0x0000000085300000, 0x0000000085200000| Untracked 
|  83|0x0000000085300000, 0x0000000085400000, 0x0000000085400000|100%| O|  |TAMS 0x0000000085400000, 0x0000000085300000| Untracked 
|  84|0x0000000085400000, 0x0000000085500000, 0x0000000085500000|100%| O|  |TAMS 0x0000000085500000, 0x0000000085400000| Untracked 
|  85|0x0000000085500000, 0x0000000085600000, 0x0000000085600000|100%| O|  |TAMS 0x0000000085600000, 0x0000000085500000| Complete 
|  86|0x0000000085600000, 0x0000000085700000, 0x0000000085700000|100%| O|  |TAMS 0x0000000085700000, 0x0000000085600000| Complete 
|  87|0x0000000085700000, 0x0000000085800000, 0x0000000085800000|100%| O|  |TAMS 0x0000000085800000, 0x0000000085700000| Complete 
|  88|0x0000000085800000, 0x0000000085800000, 0x0000000085900000|  0%| F|  |TAMS 0x0000000085800000, 0x0000000085800000| Untracked 
|  89|0x0000000085900000, 0x0000000085a00000, 0x0000000085a00000|100%| O|  |TAMS 0x0000000085a00000, 0x0000000085900000| Complete 
|  90|0x0000000085a00000, 0x0000000085b00000, 0x0000000085b00000|100%| O|  |TAMS 0x0000000085b00000, 0x0000000085a00000| Complete 
|  91|0x0000000085b00000, 0x0000000085c00000, 0x0000000085c00000|100%| O|  |TAMS 0x0000000085c00000, 0x0000000085b00000| Complete 
|  92|0x0000000085c00000, 0x0000000085d00000, 0x0000000085d00000|100%| O|  |TAMS 0x0000000085d00000, 0x0000000085c00000| Complete 
|  93|0x0000000085d00000, 0x0000000085e00000, 0x0000000085e00000|100%| O|  |TAMS 0x0000000085e00000, 0x0000000085d00000| Untracked 
|  94|0x0000000085e00000, 0x0000000085f00000, 0x0000000085f00000|100%| O|  |TAMS 0x0000000085f00000, 0x0000000085e00000| Complete 
|  95|0x0000000085f00000, 0x0000000085f00000, 0x0000000086000000|  0%| F|  |TAMS 0x0000000085f00000, 0x0000000085f00000| Untracked 
|  96|0x0000000086000000, 0x0000000086100000, 0x0000000086100000|100%| O|  |TAMS 0x0000000086100000, 0x0000000086000000| Complete 
|  97|0x0000000086100000, 0x0000000086200000, 0x0000000086200000|100%| O|  |TAMS 0x0000000086200000, 0x0000000086100000| Complete 
|  98|0x0000000086200000, 0x0000000086300000, 0x0000000086300000|100%| O|  |TAMS 0x0000000086300000, 0x0000000086200000| Untracked 
|  99|0x0000000086300000, 0x0000000086400000, 0x0000000086400000|100%| O|  |TAMS 0x0000000086400000, 0x0000000086300000| Untracked 
| 100|0x0000000086400000, 0x0000000086400000, 0x0000000086500000|  0%| F|  |TAMS 0x0000000086400000, 0x0000000086400000| Untracked 
| 101|0x0000000086500000, 0x0000000086500000, 0x0000000086600000|  0%| F|  |TAMS 0x0000000086500000, 0x0000000086500000| Untracked 
| 102|0x0000000086600000, 0x0000000086600000, 0x0000000086700000|  0%| F|  |TAMS 0x0000000086600000, 0x0000000086600000| Untracked 
| 103|0x0000000086700000, 0x0000000086800000, 0x0000000086800000|100%| O|  |TAMS 0x0000000086800000, 0x0000000086700000| Complete 
| 104|0x0000000086800000, 0x0000000086900000, 0x0000000086900000|100%| O|  |TAMS 0x0000000086900000, 0x0000000086800000| Complete 
| 105|0x0000000086900000, 0x0000000086a00000, 0x0000000086a00000|100%| O|  |TAMS 0x0000000086a00000, 0x0000000086900000| Complete 
| 106|0x0000000086a00000, 0x0000000086a00000, 0x0000000086b00000|  0%| F|  |TAMS 0x0000000086a00000, 0x0000000086a00000| Untracked 
| 107|0x0000000086b00000, 0x0000000086c00000, 0x0000000086c00000|100%| O|  |TAMS 0x0000000086c00000, 0x0000000086b00000| Complete 
| 108|0x0000000086c00000, 0x0000000086d00000, 0x0000000086d00000|100%| O|  |TAMS 0x0000000086d00000, 0x0000000086c00000| Complete 
| 109|0x0000000086d00000, 0x0000000086e00000, 0x0000000086e00000|100%| O|  |TAMS 0x0000000086e00000, 0x0000000086d00000| Untracked 
| 110|0x0000000086e00000, 0x0000000086f00000, 0x0000000086f00000|100%| O|  |TAMS 0x0000000086f00000, 0x0000000086e00000| Untracked 
| 111|0x0000000086f00000, 0x0000000087000000, 0x0000000087000000|100%| O|  |TAMS 0x0000000087000000, 0x0000000086f00000| Untracked 
| 112|0x0000000087000000, 0x0000000087100000, 0x0000000087100000|100%| O|  |TAMS 0x0000000087100000, 0x0000000087000000| Untracked 
| 113|0x0000000087100000, 0x0000000087200000, 0x0000000087200000|100%| O|  |TAMS 0x0000000087200000, 0x0000000087100000| Complete 
| 114|0x0000000087200000, 0x0000000087300000, 0x0000000087300000|100%| O|  |TAMS 0x0000000087300000, 0x0000000087200000| Untracked 
| 115|0x0000000087300000, 0x0000000087400000, 0x0000000087400000|100%| O|  |TAMS 0x0000000087400000, 0x0000000087300000| Untracked 
| 116|0x0000000087400000, 0x000000008747b800, 0x0000000087500000| 48%| O|  |TAMS 0x000000008747b800, 0x0000000087400000| Untracked 
| 117|0x0000000087500000, 0x0000000087500000, 0x0000000087600000|  0%| F|  |TAMS 0x0000000087500000, 0x0000000087500000| Untracked 
| 118|0x0000000087600000, 0x0000000087600000, 0x0000000087700000|  0%| F|  |TAMS 0x0000000087600000, 0x0000000087600000| Untracked 
| 119|0x0000000087700000, 0x0000000087700000, 0x0000000087800000|  0%| F|  |TAMS 0x0000000087700000, 0x0000000087700000| Untracked 
| 120|0x0000000087800000, 0x0000000087900000, 0x0000000087900000|100%| O|  |TAMS 0x0000000087900000, 0x0000000087800000| Complete 
| 121|0x0000000087900000, 0x0000000087a00000, 0x0000000087a00000|100%| O|  |TAMS 0x0000000087a00000, 0x0000000087900000| Complete 
| 122|0x0000000087a00000, 0x0000000087a00000, 0x0000000087b00000|  0%| F|  |TAMS 0x0000000087a00000, 0x0000000087a00000| Untracked 
| 123|0x0000000087b00000, 0x0000000087b00000, 0x0000000087c00000|  0%| F|  |TAMS 0x0000000087b00000, 0x0000000087b00000| Untracked 
| 124|0x0000000087c00000, 0x0000000087c00000, 0x0000000087d00000|  0%| F|  |TAMS 0x0000000087c00000, 0x0000000087c00000| Untracked 
| 125|0x0000000087d00000, 0x0000000087d00000, 0x0000000087e00000|  0%| F|  |TAMS 0x0000000087d00000, 0x0000000087d00000| Untracked 
| 126|0x0000000087e00000, 0x0000000087e00000, 0x0000000087f00000|  0%| F|  |TAMS 0x0000000087e00000, 0x0000000087e00000| Untracked 
| 127|0x0000000087f00000, 0x0000000087f00000, 0x0000000088000000|  0%| F|  |TAMS 0x0000000087f00000, 0x0000000087f00000| Untracked 
| 128|0x0000000088000000, 0x0000000088000000, 0x0000000088100000|  0%| F|  |TAMS 0x0000000088000000, 0x0000000088000000| Untracked 
| 129|0x0000000088100000, 0x0000000088100000, 0x0000000088200000|  0%| F|  |TAMS 0x0000000088100000, 0x0000000088100000| Untracked 
| 130|0x0000000088200000, 0x0000000088200000, 0x0000000088300000|  0%| F|  |TAMS 0x0000000088200000, 0x0000000088200000| Untracked 
| 131|0x0000000088300000, 0x0000000088300000, 0x0000000088400000|  0%| F|  |TAMS 0x0000000088300000, 0x0000000088300000| Untracked 
| 132|0x0000000088400000, 0x0000000088400000, 0x0000000088500000|  0%| F|  |TAMS 0x0000000088400000, 0x0000000088400000| Untracked 
| 133|0x0000000088500000, 0x0000000088500000, 0x0000000088600000|  0%| F|  |TAMS 0x0000000088500000, 0x0000000088500000| Untracked 
| 134|0x0000000088600000, 0x0000000088600000, 0x0000000088700000|  0%| F|  |TAMS 0x0000000088600000, 0x0000000088600000| Untracked 
| 135|0x0000000088700000, 0x0000000088700000, 0x0000000088800000|  0%| F|  |TAMS 0x0000000088700000, 0x0000000088700000| Untracked 
| 136|0x0000000088800000, 0x0000000088800000, 0x0000000088900000|  0%| F|  |TAMS 0x0000000088800000, 0x0000000088800000| Untracked 
| 137|0x0000000088900000, 0x0000000088900000, 0x0000000088a00000|  0%| F|  |TAMS 0x0000000088900000, 0x0000000088900000| Untracked 
| 138|0x0000000088a00000, 0x0000000088a00000, 0x0000000088b00000|  0%| F|  |TAMS 0x0000000088a00000, 0x0000000088a00000| Untracked 
| 139|0x0000000088b00000, 0x0000000088b00000, 0x0000000088c00000|  0%| F|  |TAMS 0x0000000088b00000, 0x0000000088b00000| Untracked 
| 140|0x0000000088c00000, 0x0000000088c00000, 0x0000000088d00000|  0%| F|  |TAMS 0x0000000088c00000, 0x0000000088c00000| Untracked 
| 141|0x0000000088d00000, 0x0000000088d00000, 0x0000000088e00000|  0%| F|  |TAMS 0x0000000088d00000, 0x0000000088d00000| Untracked 
| 142|0x0000000088e00000, 0x0000000088ea2998, 0x0000000088f00000| 63%| S|CS|TAMS 0x0000000088e00000, 0x0000000088e00000| Complete 
| 143|0x0000000088f00000, 0x0000000089000000, 0x0000000089000000|100%| S|CS|TAMS 0x0000000088f00000, 0x0000000088f00000| Complete 
| 144|0x0000000089000000, 0x0000000089100000, 0x0000000089100000|100%| S|CS|TAMS 0x0000000089000000, 0x0000000089000000| Complete 
| 145|0x0000000089100000, 0x0000000089200000, 0x0000000089200000|100%| S|CS|TAMS 0x0000000089100000, 0x0000000089100000| Complete 
| 146|0x0000000089200000, 0x0000000089300000, 0x0000000089300000|100%| S|CS|TAMS 0x0000000089200000, 0x0000000089200000| Complete 
| 147|0x0000000089300000, 0x0000000089400000, 0x0000000089400000|100%| S|CS|TAMS 0x0000000089300000, 0x0000000089300000| Complete 
| 148|0x0000000089400000, 0x0000000089400000, 0x0000000089500000|  0%| F|  |TAMS 0x0000000089400000, 0x0000000089400000| Untracked 
| 149|0x0000000089500000, 0x0000000089500000, 0x0000000089600000|  0%| F|  |TAMS 0x0000000089500000, 0x0000000089500000| Untracked 
| 150|0x0000000089600000, 0x0000000089600000, 0x0000000089700000|  0%| F|  |TAMS 0x0000000089600000, 0x0000000089600000| Untracked 
| 151|0x0000000089700000, 0x0000000089700000, 0x0000000089800000|  0%| F|  |TAMS 0x0000000089700000, 0x0000000089700000| Untracked 
| 152|0x0000000089800000, 0x0000000089800000, 0x0000000089900000|  0%| F|  |TAMS 0x0000000089800000, 0x0000000089800000| Untracked 
| 153|0x0000000089900000, 0x0000000089900000, 0x0000000089a00000|  0%| F|  |TAMS 0x0000000089900000, 0x0000000089900000| Untracked 
| 154|0x0000000089a00000, 0x0000000089a00000, 0x0000000089b00000|  0%| F|  |TAMS 0x0000000089a00000, 0x0000000089a00000| Untracked 
| 155|0x0000000089b00000, 0x0000000089b00000, 0x0000000089c00000|  0%| F|  |TAMS 0x0000000089b00000, 0x0000000089b00000| Untracked 
| 156|0x0000000089c00000, 0x0000000089c90fd0, 0x0000000089d00000| 56%| E|  |TAMS 0x0000000089c00000, 0x0000000089c00000| Complete 
| 157|0x0000000089d00000, 0x0000000089e00000, 0x0000000089e00000|100%| E|CS|TAMS 0x0000000089d00000, 0x0000000089d00000| Complete 
| 158|0x0000000089e00000, 0x0000000089f00000, 0x0000000089f00000|100%| E|CS|TAMS 0x0000000089e00000, 0x0000000089e00000| Complete 
| 159|0x0000000089f00000, 0x000000008a000000, 0x000000008a000000|100%| E|CS|TAMS 0x0000000089f00000, 0x0000000089f00000| Complete 
| 160|0x000000008a000000, 0x000000008a100000, 0x000000008a100000|100%| E|CS|TAMS 0x000000008a000000, 0x000000008a000000| Complete 
| 161|0x000000008a100000, 0x000000008a200000, 0x000000008a200000|100%| E|CS|TAMS 0x000000008a100000, 0x000000008a100000| Complete 
| 162|0x000000008a200000, 0x000000008a300000, 0x000000008a300000|100%| E|CS|TAMS 0x000000008a200000, 0x000000008a200000| Complete 
| 163|0x000000008a300000, 0x000000008a400000, 0x000000008a400000|100%| E|CS|TAMS 0x000000008a300000, 0x000000008a300000| Complete 
| 164|0x000000008a400000, 0x000000008a500000, 0x000000008a500000|100%| E|CS|TAMS 0x000000008a400000, 0x000000008a400000| Complete 
| 165|0x000000008a500000, 0x000000008a600000, 0x000000008a600000|100%| E|CS|TAMS 0x000000008a500000, 0x000000008a500000| Complete 
| 166|0x000000008a600000, 0x000000008a700000, 0x000000008a700000|100%| E|CS|TAMS 0x000000008a600000, 0x000000008a600000| Complete 
| 167|0x000000008a700000, 0x000000008a800000, 0x000000008a800000|100%| E|CS|TAMS 0x000000008a700000, 0x000000008a700000| Complete 
| 168|0x000000008a800000, 0x000000008a900000, 0x000000008a900000|100%| E|CS|TAMS 0x000000008a800000, 0x000000008a800000| Complete 
| 169|0x000000008a900000, 0x000000008aa00000, 0x000000008aa00000|100%| E|CS|TAMS 0x000000008a900000, 0x000000008a900000| Complete 
| 170|0x000000008aa00000, 0x000000008ab00000, 0x000000008ab00000|100%| E|CS|TAMS 0x000000008aa00000, 0x000000008aa00000| Complete 
| 171|0x000000008ab00000, 0x000000008ac00000, 0x000000008ac00000|100%| E|CS|TAMS 0x000000008ab00000, 0x000000008ab00000| Complete 
| 172|0x000000008ac00000, 0x000000008ad00000, 0x000000008ad00000|100%| E|CS|TAMS 0x000000008ac00000, 0x000000008ac00000| Complete 
| 173|0x000000008ad00000, 0x000000008ae00000, 0x000000008ae00000|100%| E|CS|TAMS 0x000000008ad00000, 0x000000008ad00000| Complete 
| 174|0x000000008ae00000, 0x000000008af00000, 0x000000008af00000|100%| E|CS|TAMS 0x000000008ae00000, 0x000000008ae00000| Complete 
| 175|0x000000008af00000, 0x000000008b000000, 0x000000008b000000|100%| E|CS|TAMS 0x000000008af00000, 0x000000008af00000| Complete 
| 176|0x000000008b000000, 0x000000008b100000, 0x000000008b100000|100%| E|CS|TAMS 0x000000008b000000, 0x000000008b000000| Complete 
| 177|0x000000008b100000, 0x000000008b200000, 0x000000008b200000|100%| E|CS|TAMS 0x000000008b100000, 0x000000008b100000| Complete 
| 178|0x000000008b200000, 0x000000008b300000, 0x000000008b300000|100%| E|CS|TAMS 0x000000008b200000, 0x000000008b200000| Complete 
| 179|0x000000008b300000, 0x000000008b400000, 0x000000008b400000|100%| E|CS|TAMS 0x000000008b300000, 0x000000008b300000| Complete 
| 180|0x000000008b400000, 0x000000008b500000, 0x000000008b500000|100%| E|CS|TAMS 0x000000008b400000, 0x000000008b400000| Complete 
| 181|0x000000008b500000, 0x000000008b600000, 0x000000008b600000|100%| E|  |TAMS 0x000000008b500000, 0x000000008b500000| Complete 
| 182|0x000000008b600000, 0x000000008b700000, 0x000000008b700000|100%| E|CS|TAMS 0x000000008b600000, 0x000000008b600000| Complete 
| 183|0x000000008b700000, 0x000000008b800000, 0x000000008b800000|100%| E|CS|TAMS 0x000000008b700000, 0x000000008b700000| Complete 
| 184|0x000000008b800000, 0x000000008b900000, 0x000000008b900000|100%| E|CS|TAMS 0x000000008b800000, 0x000000008b800000| Complete 
| 185|0x000000008b900000, 0x000000008ba00000, 0x000000008ba00000|100%| E|CS|TAMS 0x000000008b900000, 0x000000008b900000| Complete 
| 186|0x000000008ba00000, 0x000000008bb00000, 0x000000008bb00000|100%| E|CS|TAMS 0x000000008ba00000, 0x000000008ba00000| Complete 
| 187|0x000000008bb00000, 0x000000008bc00000, 0x000000008bc00000|100%| E|CS|TAMS 0x000000008bb00000, 0x000000008bb00000| Complete 
| 188|0x000000008bc00000, 0x000000008bd00000, 0x000000008bd00000|100%| E|CS|TAMS 0x000000008bc00000, 0x000000008bc00000| Complete 
| 189|0x000000008bd00000, 0x000000008be00000, 0x000000008be00000|100%| E|CS|TAMS 0x000000008bd00000, 0x000000008bd00000| Complete 
| 190|0x000000008be00000, 0x000000008bf00000, 0x000000008bf00000|100%| E|CS|TAMS 0x000000008be00000, 0x000000008be00000| Complete 
| 191|0x000000008bf00000, 0x000000008c000000, 0x000000008c000000|100%| E|CS|TAMS 0x000000008bf00000, 0x000000008bf00000| Complete 
| 192|0x000000008c000000, 0x000000008c100000, 0x000000008c100000|100%| E|CS|TAMS 0x000000008c000000, 0x000000008c000000| Complete 
| 193|0x000000008c100000, 0x000000008c200000, 0x000000008c200000|100%| E|CS|TAMS 0x000000008c100000, 0x000000008c100000| Complete 

Card table byte_map: [0x0000025e7baf0000,0x0000025e7bef0000] _byte_map_base: 0x0000025e7b6f0000

Marking Bits (Prev, Next): (CMBitMap*) 0x0000025e778ebbb8, (CMBitMap*) 0x0000025e778ebbf0
 Prev Bits: [0x0000025e7c2f0000, 0x0000025e7e2f0000)
 Next Bits: [0x0000025e0f000000, 0x0000025e11000000)

Polling page: 0x0000025e75880000

Metaspace:

Usage:
  Non-class:    114.53 MB capacity,   111.66 MB ( 97%) used,     2.34 MB (  2%) free+waste,   548.06 KB ( <1%) overhead. 
      Class:     17.92 MB capacity,    16.21 MB ( 90%) used,     1.46 MB (  8%) free+waste,   247.56 KB (  1%) overhead. 
       Both:    132.45 MB capacity,   127.87 MB ( 97%) used,     3.80 MB (  3%) free+waste,   795.63 KB ( <1%) overhead. 

Virtual space:
  Non-class space:      116.00 MB reserved,     114.67 MB ( 99%) committed 
      Class space:        1.00 GB reserved,      18.03 MB (  2%) committed 
             Both:        1.11 GB reserved,     132.70 MB ( 12%) committed 

Chunk freelists:
   Non-Class:  14.00 KB
       Class:  0 bytes
        Both:  14.00 KB

MaxMetaspaceSize: 17179869184.00 GB
CompressedClassSpaceSize: 1.00 GB
Initial GC threshold: 20.80 MB
Current GC threshold: 220.13 MB
CDS: off

CodeHeap 'non-profiled nmethods': size=120000Kb used=13376Kb max_used=13376Kb free=106623Kb
 bounds [0x0000025e07ad0000, 0x0000025e087f0000, 0x0000025e0f000000]
CodeHeap 'profiled nmethods': size=120000Kb used=46271Kb max_used=46271Kb free=73728Kb
 bounds [0x0000025e005a0000, 0x0000025e032e0000, 0x0000025e07ad0000]
CodeHeap 'non-nmethods': size=5760Kb used=2482Kb max_used=2564Kb free=3277Kb
 bounds [0x0000025e00000000, 0x0000025e00290000, 0x0000025e005a0000]
 total_blobs=22855 nmethods=21834 adapters=931
 compilation: enabled
              stopped_count=0, restarted_count=0
 full_count=0

Compilation events (20 events):
Event: 1028.506 Thread 0x0000025e7f5ed000 23149       3       com.sun.org.apache.xerces.internal.util.NamespaceSupport::containsPrefixInCurrentContext (38 bytes)
Event: 1028.506 Thread 0x0000025e7f5ed000 nmethod 23149 0x0000025e032ab390 code [0x0000025e032ab560, 0x0000025e032ab7b8]
Event: 1028.506 Thread 0x0000025e7f5ed000 23150       3       com.sun.org.apache.xerces.internal.util.NamespaceSupport::declarePrefix (140 bytes)
Event: 1028.507 Thread 0x0000025e7f5ed000 nmethod 23150 0x0000025e032ab910 code [0x0000025e032abb40, 0x0000025e032ac508]
Event: 1028.510 Thread 0x0000025e7f5ed000 23151   !   3       com.sun.org.apache.xerces.internal.parsers.AbstractSAXParser::startElement (318 bytes)
Event: 1028.512 Thread 0x0000025e7f5ed000 nmethod 23151 0x0000025e032ac790 code [0x0000025e032aca80, 0x0000025e032adb78]
Event: 1028.512 Thread 0x0000025e7f5ed000 23154       3       com.sun.org.apache.xerces.internal.parsers.AbstractSAXParser::endNamespaceMapping (47 bytes)
Event: 1028.513 Thread 0x0000025e7f5ed000 nmethod 23154 0x0000025e032ae510 code [0x0000025e032ae700, 0x0000025e032aebe8]
Event: 1028.513 Thread 0x0000025e7f5ed000 23152       3       com.sun.org.apache.xerces.internal.parsers.AbstractSAXParser::startNamespaceMapping (77 bytes)
Event: 1028.514 Thread 0x0000025e7f5ed000 nmethod 23152 0x0000025e032aef10 code [0x0000025e032af120, 0x0000025e032af6d8]
Event: 1028.514 Thread 0x0000025e7f5ed000 23156       3       org.gradle.api.internal.file.DefaultFilePropertyFactory$DefaultRegularFileVar::fileProvider (9 bytes)
Event: 1028.514 Thread 0x0000025e7f5ed000 nmethod 23156 0x0000025e032afa10 code [0x0000025e032afc00, 0x0000025e032b00b8]
Event: 1028.514 Thread 0x0000025e7f5ed000 23153   !   3       com.sun.org.apache.xerces.internal.parsers.AbstractSAXParser::endElement (108 bytes)
Event: 1028.515 Thread 0x0000025e7f5ed000 nmethod 23153 0x0000025e032b0290 code [0x0000025e032b04a0, 0x0000025e032b0978]
Event: 1028.515 Thread 0x0000025e7f5ed000 23155       1       com.android.build.gradle.internal.SdkComponentsBuildService$VersionedSdkLoader::getCompileSdkVersion (5 bytes)
Event: 1028.515 Thread 0x0000025e7f5ed000 nmethod 23155 0x0000025e087df790 code [0x0000025e087df940, 0x0000025e087df9f8]
Event: 1028.516 Thread 0x0000025e7f5ed000 23157       1       com.android.build.gradle.tasks.GenerateBuildConfig_Decorated::getModelIdentityDisplayName (5 bytes)
Event: 1028.516 Thread 0x0000025e7f5ed000 nmethod 23157 0x0000025e087dfa90 code [0x0000025e087dfc40, 0x0000025e087dfcf8]
Event: 1028.516 Thread 0x0000025e7f5ed000 23158       3       kotlin.collections.ArraysKt___ArraysKt::last (45 bytes)
Event: 1028.517 Thread 0x0000025e7f5ed000 nmethod 23158 0x0000025e032b0c10 code [0x0000025e032b0ee0, 0x0000025e032b1ac8]

GC Heap History (20 events):
Event: 790.539 GC heap before
{Heap before GC invocations=51 (full 0):
 garbage-first heap   total 198656K, used 161867K [0x0000000080000000, 0x0000000100000000)
  region size 1024K, 47 young (48128K), 2 survivors (2048K)
 Metaspace       used 128095K, capacity 131883K, committed 132048K, reserved 1163264K
  class space    used 16221K, capacity 17674K, committed 17696K, reserved 1048576K
}
Event: 790.583 GC heap after
{Heap after GC invocations=52 (full 0):
 garbage-first heap   total 198656K, used 123904K [0x0000000080000000, 0x0000000100000000)
  region size 1024K, 6 young (6144K), 6 survivors (6144K)
 Metaspace       used 128095K, capacity 131883K, committed 132048K, reserved 1163264K
  class space    used 16221K, capacity 17674K, committed 17696K, reserved 1048576K
}
Event: 794.693 GC heap before
{Heap before GC invocations=53 (full 0):
 garbage-first heap   total 198656K, used 162816K [0x0000000080000000, 0x0000000100000000)
  region size 1024K, 46 young (47104K), 6 survivors (6144K)
 Metaspace       used 128632K, capacity 132660K, committed 132688K, reserved 1165312K
  class space    used 16292K, capacity 17806K, committed 17824K, reserved 1048576K
}
Event: 794.706 GC heap after
{Heap after GC invocations=54 (full 0):
 garbage-first heap   total 198656K, used 122578K [0x0000000080000000, 0x0000000100000000)
  region size 1024K, 2 young (2048K), 2 survivors (2048K)
 Metaspace       used 128632K, capacity 132660K, committed 132688K, reserved 1165312K
  class space    used 16292K, capacity 17806K, committed 17824K, reserved 1048576K
}
Event: 795.050 GC heap before
{Heap before GC invocations=54 (full 0):
 garbage-first heap   total 198656K, used 129746K [0x0000000080000000, 0x0000000100000000)
  region size 1024K, 9 young (9216K), 2 survivors (2048K)
 Metaspace       used 128869K, capacity 132869K, committed 132944K, reserved 1165312K
  class space    used 16292K, capacity 17807K, committed 17824K, reserved 1048576K
}
Event: 795.062 GC heap after
{Heap after GC invocations=55 (full 0):
 garbage-first heap   total 198656K, used 114858K [0x0000000080000000, 0x0000000100000000)
  region size 1024K, 1 young (1024K), 1 survivors (1024K)
 Metaspace       used 128869K, capacity 132869K, committed 132944K, reserved 1165312K
  class space    used 16292K, capacity 17807K, committed 17824K, reserved 1048576K
}
Event: 795.081 GC heap before
{Heap before GC invocations=55 (full 0):
 garbage-first heap   total 198656K, used 115882K [0x0000000080000000, 0x0000000100000000)
  region size 1024K, 3 young (3072K), 1 survivors (1024K)
 Metaspace       used 128876K, capacity 132869K, committed 132944K, reserved 1165312K
  class space    used 16292K, capacity 17807K, committed 17824K, reserved 1048576K
}
Event: 795.085 GC heap after
{Heap after GC invocations=56 (full 0):
 garbage-first heap   total 198656K, used 115049K [0x0000000080000000, 0x0000000100000000)
  region size 1024K, 1 young (1024K), 1 survivors (1024K)
 Metaspace       used 128876K, capacity 132869K, committed 132944K, reserved 1165312K
  class space    used 16292K, capacity 17807K, committed 17824K, reserved 1048576K
}
Event: 883.221 GC heap before
{Heap before GC invocations=57 (full 0):
 garbage-first heap   total 198656K, used 185705K [0x0000000080000000, 0x0000000100000000)
  region size 1024K, 43 young (44032K), 1 survivors (1024K)
 Metaspace       used 129000K, capacity 132997K, committed 133200K, reserved 1165312K
  class space    used 16292K, capacity 17807K, committed 17824K, reserved 1048576K
}
Event: 883.230 GC heap after
{Heap after GC invocations=58 (full 0):
 garbage-first heap   total 198656K, used 119596K [0x0000000080000000, 0x0000000100000000)
  region size 1024K, 6 young (6144K), 6 survivors (6144K)
 Metaspace       used 129000K, capacity 132997K, committed 133200K, reserved 1165312K
  class space    used 16292K, capacity 17807K, committed 17824K, reserved 1048576K
}
Event: 883.283 GC heap before
{Heap before GC invocations=58 (full 0):
 garbage-first heap   total 198656K, used 122668K [0x0000000080000000, 0x0000000100000000)
  region size 1024K, 9 young (9216K), 6 survivors (6144K)
 Metaspace       used 129025K, capacity 133004K, committed 133200K, reserved 1165312K
  class space    used 16293K, capacity 17808K, committed 17824K, reserved 1048576K
}
Event: 883.295 GC heap after
{Heap after GC invocations=59 (full 0):
 garbage-first heap   total 198656K, used 118919K [0x0000000080000000, 0x0000000100000000)
  region size 1024K, 1 young (1024K), 1 survivors (1024K)
 Metaspace       used 129025K, capacity 133004K, committed 133200K, reserved 1165312K
  class space    used 16293K, capacity 17808K, committed 17824K, reserved 1048576K
}
Event: 885.856 GC heap before
{Heap before GC invocations=59 (full 0):
 garbage-first heap   total 198656K, used 158855K [0x0000000080000000, 0x0000000100000000)
  region size 1024K, 41 young (41984K), 1 survivors (1024K)
 Metaspace       used 129140K, capacity 133168K, committed 133200K, reserved 1165312K
  class space    used 16298K, capacity 17816K, committed 17824K, reserved 1048576K
}
Event: 885.873 GC heap after
{Heap after GC invocations=60 (full 0):
 garbage-first heap   total 198656K, used 121469K [0x0000000080000000, 0x0000000100000000)
  region size 1024K, 4 young (4096K), 4 survivors (4096K)
 Metaspace       used 129140K, capacity 133168K, committed 133200K, reserved 1165312K
  class space    used 16298K, capacity 17816K, committed 17824K, reserved 1048576K
}
Event: 970.044 GC heap before
{Heap before GC invocations=61 (full 0):
 garbage-first heap   total 198656K, used 169597K [0x0000000080000000, 0x0000000100000000)
  region size 1024K, 44 young (45056K), 4 survivors (4096K)
 Metaspace       used 129885K, capacity 134144K, committed 134224K, reserved 1165312K
  class space    used 16414K, capacity 18002K, committed 18080K, reserved 1048576K
}
Event: 970.057 GC heap after
{Heap after GC invocations=62 (full 0):
 garbage-first heap   total 198656K, used 121537K [0x0000000080000000, 0x0000000100000000)
  region size 1024K, 3 young (3072K), 3 survivors (3072K)
 Metaspace       used 129885K, capacity 134144K, committed 134224K, reserved 1165312K
  class space    used 16414K, capacity 18002K, committed 18080K, reserved 1048576K
}
Event: 970.139 GC heap before
{Heap before GC invocations=62 (full 0):
 garbage-first heap   total 198656K, used 127681K [0x0000000080000000, 0x0000000100000000)
  region size 1024K, 9 young (9216K), 3 survivors (3072K)
 Metaspace       used 129972K, capacity 134231K, committed 134480K, reserved 1165312K
  class space    used 16422K, capacity 18017K, committed 18080K, reserved 1048576K
}
Event: 970.151 GC heap after
{Heap after GC invocations=63 (full 0):
 garbage-first heap   total 198656K, used 114759K [0x0000000080000000, 0x0000000100000000)
  region size 1024K, 2 young (2048K), 2 survivors (2048K)
 Metaspace       used 129972K, capacity 134231K, committed 134480K, reserved 1165312K
  class space    used 16422K, capacity 18017K, committed 18080K, reserved 1048576K
}
Event: 1027.325 GC heap before
{Heap before GC invocations=63 (full 0):
 garbage-first heap   total 198656K, used 158791K [0x0000000080000000, 0x0000000100000000)
  region size 1024K, 46 young (47104K), 2 survivors (2048K)
 Metaspace       used 130630K, capacity 135169K, committed 135248K, reserved 1167360K
  class space    used 16564K, capacity 18280K, committed 18336K, reserved 1048576K
}
Event: 1027.338 GC heap after
{Heap after GC invocations=64 (full 0):
 garbage-first heap   total 198656K, used 118904K [0x0000000080000000, 0x0000000100000000)
  region size 1024K, 6 young (6144K), 6 survivors (6144K)
 Metaspace       used 130630K, capacity 135169K, committed 135248K, reserved 1167360K
  class space    used 16564K, capacity 18280K, committed 18336K, reserved 1048576K
}

Deoptimization events (20 events):
Event: 886.289 Thread 0x0000025e160e0800 DEOPT PACKING pc=0x0000025e08300974 sp=0x000000ba190fd6e0
Event: 886.289 Thread 0x0000025e160e0800 DEOPT UNPACKING pc=0x0000025e0004a1af sp=0x000000ba190fd640 mode 2
Event: 886.294 Thread 0x0000025e160e0800 Uncommon trap: trap_request=0xffffffde fr.pc=0x0000025e083c6d10 relative=0x0000000000000430
Event: 886.294 Thread 0x0000025e160e0800 Uncommon trap: reason=class_check action=maybe_recompile pc=0x0000025e083c6d10 method=com.android.tools.r8.internal.Wv.hasNext()Z @ 98 c2
Event: 886.294 Thread 0x0000025e160e0800 DEOPT PACKING pc=0x0000025e083c6d10 sp=0x000000ba190fdaf0
Event: 886.294 Thread 0x0000025e160e0800 DEOPT UNPACKING pc=0x0000025e0004a1af sp=0x000000ba190fdaa8 mode 2
Event: 969.615 Thread 0x0000025e160e0800 Uncommon trap: trap_request=0xffffff4d fr.pc=0x0000025e082e3c6c relative=0x000000000000046c
Event: 969.615 Thread 0x0000025e160e0800 Uncommon trap: reason=unstable_if action=reinterpret pc=0x0000025e082e3c6c method=org.gradle.internal.logging.sink.OutputEventRenderer.onOutput(Lorg/gradle/internal/logging/events/OutputEvent;)V @ 24 c2
Event: 969.615 Thread 0x0000025e160e0800 DEOPT PACKING pc=0x0000025e082e3c6c sp=0x000000ba10cfeae0
Event: 969.615 Thread 0x0000025e160e0800 DEOPT UNPACKING pc=0x0000025e0004a1af sp=0x000000ba10cfea28 mode 2
Event: 969.667 Thread 0x0000025e160e3000 Uncommon trap: trap_request=0xffffffdc fr.pc=0x0000025e07b628d8 relative=0x0000000000000318
Event: 969.667 Thread 0x0000025e160e3000 Uncommon trap: reason=class_check action=make_not_entrant pc=0x0000025e07b628d8 method=com.google.common.collect.Platform.copy([Ljava/lang/Object;II[Ljava/lang/Object;)[Ljava/lang/Object; @ 7 c2
Event: 969.667 Thread 0x0000025e160e3000 DEOPT PACKING pc=0x0000025e07b628d8 sp=0x000000ba10af8980
Event: 969.667 Thread 0x0000025e160e3000 DEOPT UNPACKING pc=0x0000025e0004a1af sp=0x000000ba10af88a0 mode 2
Event: 969.976 Thread 0x0000025e160e3000 DEOPT PACKING pc=0x0000025e01d9f958 sp=0x000000ba10af9920
Event: 969.976 Thread 0x0000025e160e3000 DEOPT UNPACKING pc=0x0000025e0004a95e sp=0x000000ba10af8df0 mode 0
Event: 970.198 Thread 0x0000025e160e3000 DEOPT PACKING pc=0x0000025e012e26da sp=0x000000ba10af8790
Event: 970.198 Thread 0x0000025e160e3000 DEOPT UNPACKING pc=0x0000025e0004a95e sp=0x000000ba10af7cb0 mode 0
Event: 970.709 Thread 0x0000025e1e710800 DEOPT PACKING pc=0x0000025e0284ea93 sp=0x000000ba17ffafd0
Event: 970.709 Thread 0x0000025e1e710800 DEOPT UNPACKING pc=0x0000025e0004a95e sp=0x000000ba17ffa470 mode 0

Classes redefined (0 events):
No events

Internal exceptions (20 events):
Event: 886.287 Thread 0x0000025e160e0800 Exception <a 'sun/nio/fs/WindowsException'{0x000000008ba2ff48}> (0x000000008ba2ff48) thrown at [./src/hotspot/share/prims/jni.cpp, line 616]
Event: 886.303 Thread 0x0000025e160e0800 Exception <a 'sun/nio/fs/WindowsException'{0x000000008b98ab08}> (0x000000008b98ab08) thrown at [./src/hotspot/share/prims/jni.cpp, line 616]
Event: 886.489 Thread 0x0000025e18049000 Exception <a 'sun/nio/fs/WindowsException'{0x000000008b631740}> (0x000000008b631740) thrown at [./src/hotspot/share/prims/jni.cpp, line 616]
Event: 886.489 Thread 0x0000025e18049000 Exception <a 'sun/nio/fs/WindowsException'{0x000000008b6317c0}> (0x000000008b6317c0) thrown at [./src/hotspot/share/prims/jni.cpp, line 616]
Event: 886.490 Thread 0x0000025e18049000 Exception <a 'sun/nio/fs/WindowsException'{0x000000008b633038}> (0x000000008b633038) thrown at [./src/hotspot/share/prims/jni.cpp, line 616]
Event: 970.023 Thread 0x0000025e160e3000 Exception <a 'sun/nio/fs/WindowsException'{0x0000000089b83858}> (0x0000000089b83858) thrown at [./src/hotspot/share/prims/jni.cpp, line 616]
Event: 970.189 Thread 0x0000025e160e3000 Exception <a 'sun/nio/fs/WindowsException'{0x000000008bf55f10}> (0x000000008bf55f10) thrown at [./src/hotspot/share/prims/jni.cpp, line 616]
Event: 970.201 Thread 0x0000025e160e3000 Exception <a 'sun/nio/fs/WindowsException'{0x000000008bffa718}> (0x000000008bffa718) thrown at [./src/hotspot/share/prims/jni.cpp, line 616]
Event: 970.202 Thread 0x0000025e160e3000 Exception <a 'sun/nio/fs/WindowsException'{0x000000008bffba90}> (0x000000008bffba90) thrown at [./src/hotspot/share/prims/jni.cpp, line 616]
Event: 970.202 Thread 0x0000025e160e3000 Exception <a 'sun/nio/fs/WindowsException'{0x000000008bffce58}> (0x000000008bffce58) thrown at [./src/hotspot/share/prims/jni.cpp, line 616]
Event: 970.202 Thread 0x0000025e160e3000 Exception <a 'sun/nio/fs/WindowsException'{0x000000008bffe220}> (0x000000008bffe220) thrown at [./src/hotspot/share/prims/jni.cpp, line 616]
Event: 970.781 Thread 0x0000025e160e3000 Exception <a 'sun/nio/fs/WindowsException'{0x000000008b77faa0}> (0x000000008b77faa0) thrown at [./src/hotspot/share/prims/jni.cpp, line 616]
Event: 970.781 Thread 0x0000025e160e3000 Exception <a 'sun/nio/fs/WindowsException'{0x000000008b77fb20}> (0x000000008b77fb20) thrown at [./src/hotspot/share/prims/jni.cpp, line 616]
Event: 970.781 Thread 0x0000025e160e3000 Exception <a 'sun/nio/fs/WindowsException'{0x000000008b781398}> (0x000000008b781398) thrown at [./src/hotspot/share/prims/jni.cpp, line 616]
Event: 1028.212 Thread 0x0000025e160e3000 Exception <a 'sun/nio/fs/WindowsException'{0x000000008ac8deb8}> (0x000000008ac8deb8) thrown at [./src/hotspot/share/prims/jni.cpp, line 616]
Event: 1028.489 Thread 0x0000025e160e3000 Exception <a 'sun/nio/fs/WindowsException'{0x000000008a223f38}> (0x000000008a223f38) thrown at [./src/hotspot/share/prims/jni.cpp, line 616]
Event: 1028.501 Thread 0x0000025e160e3000 Exception <a 'sun/nio/fs/WindowsException'{0x000000008a2c0c80}> (0x000000008a2c0c80) thrown at [./src/hotspot/share/prims/jni.cpp, line 616]
Event: 1028.501 Thread 0x0000025e160e3000 Exception <a 'sun/nio/fs/WindowsException'{0x000000008a2c1ff8}> (0x000000008a2c1ff8) thrown at [./src/hotspot/share/prims/jni.cpp, line 616]
Event: 1028.502 Thread 0x0000025e160e3000 Exception <a 'sun/nio/fs/WindowsException'{0x000000008a2c33c0}> (0x000000008a2c33c0) thrown at [./src/hotspot/share/prims/jni.cpp, line 616]
Event: 1028.502 Thread 0x0000025e160e3000 Exception <a 'sun/nio/fs/WindowsException'{0x000000008a2c4788}> (0x000000008a2c4788) thrown at [./src/hotspot/share/prims/jni.cpp, line 616]

Events (20 events):
Event: 1028.059 Thread 0x0000025e14cef000 Thread added: 0x0000025e14cef000
Event: 1028.059 Thread 0x0000025e14ceb000 Thread added: 0x0000025e14ceb000
Event: 1028.060 Thread 0x0000025e14cf4000 Thread added: 0x0000025e14cf4000
Event: 1028.060 Thread 0x0000025e14cf1800 Thread added: 0x0000025e14cf1800
Event: 1028.060 Thread 0x0000025e14cf2000 Thread added: 0x0000025e14cf2000
Event: 1028.060 Thread 0x0000025e14cef800 Thread added: 0x0000025e14cef800
Event: 1028.060 Thread 0x0000025e14cf0800 Thread added: 0x0000025e14cf0800
Event: 1028.060 Thread 0x0000025e14cf3000 Thread added: 0x0000025e14cf3000
Event: 1028.061 Thread 0x0000025e14cee000 Thread added: 0x0000025e14cee000
Event: 1028.061 Thread 0x0000025e14cf6800 Thread added: 0x0000025e14cf6800
Event: 1028.061 Thread 0x0000025e14cf4800 Thread added: 0x0000025e14cf4800
Event: 1028.061 Thread 0x0000025e14cf5800 Thread added: 0x0000025e14cf5800
Event: 1028.061 Thread 0x0000025e1e709000 Thread added: 0x0000025e1e709000
Event: 1028.062 Thread 0x0000025e1e708000 Thread added: 0x0000025e1e708000
Event: 1028.062 Thread 0x0000025e1e70c800 Thread added: 0x0000025e1e70c800
Event: 1028.062 Thread 0x0000025e1e70f800 Thread added: 0x0000025e1e70f800
Event: 1028.062 Thread 0x0000025e1e70a800 Thread added: 0x0000025e1e70a800
Event: 1028.062 Thread 0x0000025e1e70d000 Thread added: 0x0000025e1e70d000
Event: 1028.063 Thread 0x0000025e1e70a000 Thread added: 0x0000025e1e70a000
Event: 1028.143 Thread 0x0000025e1b984800 Thread added: 0x0000025e1b984800


Dynamic libraries:
0x00007ff684a30000 - 0x00007ff684a3a000 	C:\Program Files\Android\Android Studio1\jre\bin\java.exe
0x00007fffb7590000 - 0x00007fffb77a4000 	C:\WINDOWS\SYSTEM32\ntdll.dll
0x00007fffb66b0000 - 0x00007fffb6772000 	C:\WINDOWS\System32\KERNEL32.DLL
0x00007fffb4ee0000 - 0x00007fffb527c000 	C:\WINDOWS\System32\KERNELBASE.dll
0x00007fffb4c00000 - 0x00007fffb4d11000 	C:\WINDOWS\System32\ucrtbase.dll
0x00007fffaf5c0000 - 0x00007fffaf5d9000 	C:\Program Files\Android\Android Studio1\jre\bin\jli.dll
0x00007fffad9b0000 - 0x00007fffad9c7000 	C:\Program Files\Android\Android Studio1\jre\bin\VCRUNTIME140.dll
0x00007fffb6790000 - 0x00007fffb693b000 	C:\WINDOWS\System32\USER32.dll
0x00007fffb4d20000 - 0x00007fffb4d46000 	C:\WINDOWS\System32\win32u.dll
0x00007fffb6b20000 - 0x00007fffb6b49000 	C:\WINDOWS\System32\GDI32.dll
0x00007fff96140000 - 0x00007fff963ce000 	C:\WINDOWS\WinSxS\amd64_microsoft.windows.common-controls_6595b64144ccf1df_6.0.22621.608_none_a9444ca7c10bb01d\COMCTL32.dll
0x00007fffb5280000 - 0x00007fffb5393000 	C:\WINDOWS\System32\gdi32full.dll
0x00007fffb6d40000 - 0x00007fffb6de7000 	C:\WINDOWS\System32\msvcrt.dll
0x00007fffb4e40000 - 0x00007fffb4eda000 	C:\WINDOWS\System32\msvcp_win.dll
0x00007fffb5700000 - 0x00007fffb5731000 	C:\WINDOWS\System32\IMM32.DLL
0x00007fff7c9c0000 - 0x00007fff7ca5d000 	C:\Program Files\Android\Android Studio1\jre\bin\msvcp140.dll
0x00007fff59020000 - 0x00007fff59b22000 	C:\Program Files\Android\Android Studio1\jre\bin\server\jvm.dll
0x00007fffb5450000 - 0x00007fffb54fe000 	C:\WINDOWS\System32\ADVAPI32.dll
0x00007fffb53a0000 - 0x00007fffb5444000 	C:\WINDOWS\System32\sechost.dll
0x00007fffb6b70000 - 0x00007fffb6c87000 	C:\WINDOWS\System32\RPCRT4.dll
0x00007fffb6b60000 - 0x00007fffb6b68000 	C:\WINDOWS\System32\PSAPI.DLL
0x00007fff713a0000 - 0x00007fff713a9000 	C:\WINDOWS\SYSTEM32\WSOCK32.dll
0x00007fffaec50000 - 0x00007fffaec84000 	C:\WINDOWS\SYSTEM32\WINMM.dll
0x00007fffb6050000 - 0x00007fffb60c1000 	C:\WINDOWS\System32\WS2_32.dll
0x00007fffaf580000 - 0x00007fffaf58a000 	C:\WINDOWS\SYSTEM32\VERSION.dll
0x00007fffb3a20000 - 0x00007fffb3a38000 	C:\WINDOWS\SYSTEM32\kernel.appcore.dll
0x00007fff698a0000 - 0x00007fff698b1000 	C:\Program Files\Android\Android Studio1\jre\bin\verify.dll
0x00007fffb2330000 - 0x00007fffb255e000 	C:\WINDOWS\SYSTEM32\DBGHELP.DLL
0x00007fffb61b0000 - 0x00007fffb6539000 	C:\WINDOWS\System32\combase.dll
0x00007fffb6940000 - 0x00007fffb6a17000 	C:\WINDOWS\System32\OLEAUT32.dll
0x00007fffae020000 - 0x00007fffae052000 	C:\WINDOWS\SYSTEM32\dbgcore.DLL
0x00007fffb4d50000 - 0x00007fffb4dcb000 	C:\WINDOWS\System32\bcryptPrimitives.dll
0x00007fff69870000 - 0x00007fff69899000 	C:\Program Files\Android\Android Studio1\jre\bin\java.dll
0x00007fff71390000 - 0x00007fff7139b000 	C:\Program Files\Android\Android Studio1\jre\bin\jimage.dll
0x00007fff69850000 - 0x00007fff69868000 	C:\Program Files\Android\Android Studio1\jre\bin\zip.dll
0x00007fffb5860000 - 0x00007fffb6050000 	C:\WINDOWS\System32\SHELL32.dll
0x00007fffb29e0000 - 0x00007fffb32ad000 	C:\WINDOWS\SYSTEM32\windows.storage.dll
0x00007fffb28a0000 - 0x00007fffb29de000 	C:\WINDOWS\SYSTEM32\wintypes.dll
0x00007fffb6a20000 - 0x00007fffb6b11000 	C:\WINDOWS\System32\SHCORE.dll
0x00007fffb6150000 - 0x00007fffb61ae000 	C:\WINDOWS\System32\shlwapi.dll
0x00007fffb4900000 - 0x00007fffb4921000 	C:\WINDOWS\SYSTEM32\profapi.dll
0x00007fff69830000 - 0x00007fff6984a000 	C:\Program Files\Android\Android Studio1\jre\bin\net.dll
0x00007fffaec90000 - 0x00007fffaedc7000 	C:\WINDOWS\SYSTEM32\WINHTTP.dll
0x00007fffb3f00000 - 0x00007fffb3f69000 	C:\WINDOWS\system32\mswsock.dll
0x00007fff59000000 - 0x00007fff59014000 	C:\Program Files\Android\Android Studio1\jre\bin\nio.dll
0x00007fff927d0000 - 0x00007fff927f7000 	C:\Users\JaMiK\.gradle\native\e1d6ef7f7dcc3fd88c89a11ec53ec762bb8ba0a96d01ffa2cd45eb1d1d8dd5c5\windows-amd64\native-platform.dll
0x00007fff732a0000 - 0x00007fff733e4000 	C:\Users\JaMiK\.gradle\native\0d407fdbe67a94daf76414ababcb853783967236a71b16ec16e742cd7a986fd3\windows-amd64\native-platform-file-events.dll
0x00007fff69820000 - 0x00007fff6982a000 	C:\Program Files\Android\Android Studio1\jre\bin\management.dll
0x00007fff58ff0000 - 0x00007fff58ffd000 	C:\Program Files\Android\Android Studio1\jre\bin\management_ext.dll
0x00007fffb41e0000 - 0x00007fffb41fb000 	C:\WINDOWS\SYSTEM32\CRYPTSP.dll
0x00007fffb3990000 - 0x00007fffb39c5000 	C:\WINDOWS\system32\rsaenh.dll
0x00007fffb4080000 - 0x00007fffb40a8000 	C:\WINDOWS\SYSTEM32\USERENV.dll
0x00007fffb43a0000 - 0x00007fffb43c8000 	C:\WINDOWS\SYSTEM32\bcrypt.dll
0x00007fffb4200000 - 0x00007fffb420c000 	C:\WINDOWS\SYSTEM32\CRYPTBASE.dll
0x00007fffb3500000 - 0x00007fffb352d000 	C:\WINDOWS\SYSTEM32\IPHLPAPI.DLL
0x00007fffb65f0000 - 0x00007fffb65f9000 	C:\WINDOWS\System32\NSI.dll
0x00007fffaec30000 - 0x00007fffaec49000 	C:\WINDOWS\SYSTEM32\dhcpcsvc6.DLL
0x00007fffaec10000 - 0x00007fffaec2f000 	C:\WINDOWS\SYSTEM32\dhcpcsvc.DLL
0x00007fffb3570000 - 0x00007fffb3663000 	C:\WINDOWS\SYSTEM32\DNSAPI.dll
0x00007fffad990000 - 0x00007fffad9ae000 	C:\Users\JaMiK\AppData\Local\Temp\native-platform9760812517870242030dir\native-platform.dll
0x00007fffaf7c0000 - 0x00007fffaf7c8000 	C:\Program Files\Android\Android Studio1\jre\bin\rmi.dll

dbghelp: loaded successfully - version: 4.0.5 - missing functions: none
symbol engine: initialized successfully - sym options: 0x614 - pdb path: .;C:\Program Files\Android\Android Studio1\jre\bin;C:\WINDOWS\SYSTEM32;C:\WINDOWS\WinSxS\amd64_microsoft.windows.common-controls_6595b64144ccf1df_6.0.22621.608_none_a9444ca7c10bb01d;C:\Program Files\Android\Android Studio1\jre\bin\server;C:\Users\JaMiK\.gradle\native\e1d6ef7f7dcc3fd88c89a11ec53ec762bb8ba0a96d01ffa2cd45eb1d1d8dd5c5\windows-amd64;C:\Users\JaMiK\.gradle\native\0d407fdbe67a94daf76414ababcb853783967236a71b16ec16e742cd7a986fd3\windows-amd64;C:\Users\JaMiK\AppData\Local\Temp\native-platform9760812517870242030dir

VM Arguments:
jvm_args: --add-opens=java.base/java.util=ALL-UNNAMED --add-opens=java.base/java.lang=ALL-UNNAMED --add-opens=java.base/java.lang.invoke=ALL-UNNAMED --add-opens=java.base/java.util=ALL-UNNAMED --add-opens=java.prefs/java.util.prefs=ALL-UNNAMED --add-opens=java.prefs/java.util.prefs=ALL-UNNAMED --add-opens=java.base/java.nio.charset=ALL-UNNAMED --add-opens=java.base/java.net=ALL-UNNAMED --add-opens=java.base/java.util.concurrent.atomic=ALL-UNNAMED -Xmx2048m -Dfile.encoding=UTF-8 -Duser.country=US -Duser.language=en -Duser.variant 
java_command: org.gradle.launcher.daemon.bootstrap.GradleDaemon 7.4
java_class_path (initial): C:\Users\JaMiK\.gradle\wrapper\dists\gradle-7.4-bin\c0gwcg53nkjbqw7r0h0umtfvt\gradle-7.4\lib\gradle-launcher-7.4.jar
Launcher Type: SUN_STANDARD

[Global flags]
     intx CICompilerCount                          = 4                                         {product} {ergonomic}
     uint ConcGCThreads                            = 2                                         {product} {ergonomic}
     uint G1ConcRefinementThreads                  = 8                                         {product} {ergonomic}
   size_t G1HeapRegionSize                         = 1048576                                   {product} {ergonomic}
    uintx GCDrainStackTargetSize                   = 64                                        {product} {ergonomic}
   size_t InitialHeapSize                          = 199229440                                 {product} {ergonomic}
   size_t MarkStackSize                            = 4194304                                   {product} {ergonomic}
   size_t MaxHeapSize                              = 2147483648                                {product} {command line}
   size_t MaxNewSize                               = 1287651328                                {product} {ergonomic}
   size_t MinHeapDeltaBytes                        = 1048576                                   {product} {ergonomic}
    uintx NonNMethodCodeHeapSize                   = 5836300                                {pd product} {ergonomic}
    uintx NonProfiledCodeHeapSize                  = 122910970                              {pd product} {ergonomic}
    uintx ProfiledCodeHeapSize                     = 122910970                              {pd product} {ergonomic}
    uintx ReservedCodeCacheSize                    = 251658240                              {pd product} {ergonomic}
     bool SegmentedCodeCache                       = true                                      {product} {ergonomic}
     bool UseCompressedClassPointers               = true                                 {lp64_product} {ergonomic}
     bool UseCompressedOops                        = true                                 {lp64_product} {ergonomic}
     bool UseG1GC                                  = true                                      {product} {ergonomic}
     bool UseLargePagesIndividualAllocation        = false                                  {pd product} {ergonomic}

Logging:
Log output configuration:
 #0: stdout all=warning uptime,level,tags
 #1: stderr all=off uptime,level,tags

Environment Variables:
JAVA_HOME=C:\Program Files\Java\jdk-17.0.1
PATH=C:\ProgramData\Oracle\Java\javapath;C:\Program Files\Common Files\Oracle\Java\javapath;C:\WINDOWS\system32;C:\WINDOWS;C:\WINDOWS\System32\Wbem;C:\WINDOWS\System32\WindowsPowerShell\v1.0\;C:\WINDOWS\System32\OpenSSH\;C:\Program Files\Java\jdk-17.0.1\bin;C:\Program Files\MySQL\MySQL Shell 8.0\bin\;C:\Users\JaMiK\AppData\Local\Microsoft\WindowsApps;C:\Users\JaMiK\AppData\Local\Programs\Python\Python310;C:\Users\JaMiK\AppData\Local\Programs\Python\Python310\Scripts;
USERNAME=JaMiK
OS=Windows_NT
PROCESSOR_IDENTIFIER=Intel64 Family 6 Model 142 Stepping 12, GenuineIntel



---------------  S Y S T E M  ---------------

OS: Windows 11 , 64 bit Build 22621 (10.0.22621.1485)
OS uptime: 0 days 3:16 hours

CPU:total 8 (initial active 8) (4 cores per cpu, 2 threads per core) family 6 model 142 stepping 12 microcode 0xde, cmov, cx8, fxsr, mmx, sse, sse2, sse3, ssse3, sse4.1, sse4.2, popcnt, avx, avx2, aes, clmul, erms, 3dnowpref, lzcnt, ht, tsc, tscinvbit, bmi1, bmi2, adx, fma

Memory: 4k page, system-wide physical 12123M (455M free)
TotalPageFile size 27195M (AvailPageFile size 5M)
current process WorkingSet (physical memory assigned to process): 474M, peak: 540M
current process commit charge ("private bytes"): 592M, peak: 611M

vm_info: OpenJDK 64-Bit Server VM (11.0.13+0-b1751.21-8125866) for windows-amd64 JRE (11.0.13+0-b1751.21-8125866), built on Feb  2 2022 03:00:22 by "builder" with MS VC++ 14.0 (VS2015)

END.
